<?xml version="1.0" encoding="UTF-8"?>
<testsuite name="Default test"
           tests="2"
           failures="1"
           errors="0"
           skipped="0"
           time="16.231">
    <properties></properties>

            <testcase
                name="OpenBrowser"
                time="2.261"
                classname="com.extramarks.test.BrowserStackParallel">

            <failure type="org.openqa.selenium.WebDriverException" message="Error : Platform can be one of MAC, WIN8, XP, WINDOWS, and ANY (WARNING: The server did not provide any stacktrace information)
Command duration or timeout: 1.69 seconds
Build info: version: &apos;2.53.0&apos;, revision: &apos;35ae25b1534ae328c771e0856c93e187490ca824&apos;, time: &apos;2016-03-15 10:43:46&apos;
System info: host: &apos;DESKTOP-FSSFIQL&apos;, ip: &apos;192.168.0.108&apos;, os.name: &apos;Windows 10&apos;, os.arch: &apos;amd64&apos;, os.version: &apos;10.0&apos;, java.version: &apos;1.8.0_241&apos;
Driver info: org.openqa.selenium.remote.RemoteWebDriver">
                <![CDATA[org.openqa.selenium.WebDriverException: Error : Platform can be one of MAC, WIN8, XP, WINDOWS, and ANY (WARNING: The server did not provide any stacktrace information)
Command duration or timeout: 1.69 seconds
Build info: version: '2.53.0', revision: '35ae25b1534ae328c771e0856c93e187490ca824', time: '2016-03-15 10:43:46'
System info: host: 'DESKTOP-FSSFIQL', ip: '192.168.0.108', os.name: 'Windows 10', os.arch: 'amd64', os.version: '10.0', java.version: '1.8.0_241'
Driver info: org.openqa.selenium.remote.RemoteWebDriver
                sun.reflect.NativeConstructorAccessorImpl.newInstance0(Native Method)sun.reflect.NativeConstructorAccessorImpl.newInstance(Unknown Source)sun.reflect.DelegatingConstructorAccessorImpl.newInstance(Unknown Source)java.lang.reflect.Constructor.newInstance(Unknown Source)org.openqa.selenium.remote.ErrorHandler.createThrowable(ErrorHandler.java:206)org.openqa.selenium.remote.ErrorHandler.throwIfResponseFailed(ErrorHandler.java:158)org.openqa.selenium.remote.RemoteWebDriver.execute(RemoteWebDriver.java:678)org.openqa.selenium.remote.RemoteWebDriver.startSession(RemoteWebDriver.java:249)org.openqa.selenium.remote.RemoteWebDriver.<init>(RemoteWebDriver.java:131)org.openqa.selenium.remote.RemoteWebDriver.<init>(RemoteWebDriver.java:158)com.extramarks.test.BrowserStackParallel.OpenBrowser(BrowserStackParallel.java:34)sun.reflect.NativeMethodAccessorImpl.invoke0(Native Method)sun.reflect.NativeMethodAccessorImpl.invoke(Unknown Source)sun.reflect.DelegatingMethodAccessorImpl.invoke(Unknown Source)java.lang.reflect.Method.invoke(Unknown Source)org.testng.internal.MethodInvocationHelper.invokeMethod(MethodInvocationHelper.java:108)org.testng.internal.Invoker.invokeMethod(Invoker.java:661)org.testng.internal.Invoker.invokeTestMethod(Invoker.java:869)org.testng.internal.TestMethodWithDataProviderMethodWorker.call(TestMethodWithDataProviderMethodWorker.java:75)org.testng.internal.TestMethodWithDataProviderMethodWorker.call(TestMethodWithDataProviderMethodWorker.java:14)java.util.concurrent.FutureTask.run(Unknown Source)java.util.concurrent.Executors$RunnableAdapter.call(Unknown Source)java.util.concurrent.FutureTask.run(Unknown Source)java.util.concurrent.ThreadPoolExecutor.runWorker(Unknown Source)java.util.concurrent.ThreadPoolExecutor$Worker.run(Unknown Source)java.lang.Thread.run(Unknown Source)
]]>
            </failure>
    </testcase>


            <testcase
                name="OpenBrowser"
                time="13.970"
                classname="com.extramarks.test.BrowserStackParallel">
            </testcase>
</testsuite>
